# Run Test python3 -m doctest -v ./tests/3-say_my_name.txt

Import module:

       >>> say_my_name = __import__("3-say_my_name").say_my_name

SUCCESS:

Test only first name and two names:
     >>> say_my_name("Amanuel")
     My name is Amanuel 
     >>> say_my_name("Amanuel", "Sisay")
     My name is Amanuel Sisay

FAILURE:

Test other data types:

     >>> say_my_name(123)
     Traceback (most recent call last):
     ...
     TypeError: first_name must be a string

     >>> say_my_name("Amanuel", 123)
     Traceback (most recent call last):
     ...
     TypeError: last_name must be a string

Test extra args:

     >>> say_my_name("Amanuel", "Abiy", "Sisay")
     Traceback (most recent call last):
     ...
     TypeError: say_my_name() takes from 1 to 2 positional arguments but 3 were given


Test too few args

     >>> say_my_name()
     Traceback (most recent call last):
     ...
     TypeError: say_my_name() missing 1 required positional argument: 'first_name'
